2024-01-01 20:52:48,138 INFO org.springframework.boot.StartupInfoLogger [restartedMain] Starting RestaurantApplication using Java 15.0.2 on DESKTOP-KBQFKIR with PID 21496 (C:\Users\mrkon\Desktop\Ostatnia deska ratunku\restaurant\target\classes started by mrkon in C:\Users\mrkon\Desktop\Ostatnia deska ratunku\restaurant)
2024-01-01 20:52:48,144 INFO org.springframework.boot.SpringApplication [restartedMain] No active profile set, falling back to default profiles: default
2024-01-01 20:52:48,216 INFO org.springframework.boot.logging.DeferredLog [restartedMain] Devtools property defaults active! Set 'spring.devtools.add-properties' to 'false' to disable
2024-01-01 20:52:48,217 INFO org.springframework.boot.logging.DeferredLog [restartedMain] For additional web related logging consider setting the 'logging.level.web' property to 'DEBUG'
2024-01-01 20:52:49,285 INFO org.springframework.data.repository.config.RepositoryConfigurationDelegate [restartedMain] Bootstrapping Spring Data JPA repositories in DEFAULT mode.
2024-01-01 20:52:49,365 INFO org.springframework.data.repository.config.RepositoryConfigurationDelegate [restartedMain] Finished Spring Data repository scanning in 72 ms. Found 5 JPA repository interfaces.
2024-01-01 20:52:50,028 INFO org.springframework.boot.web.embedded.tomcat.TomcatWebServer [restartedMain] Tomcat initialized with port(s): 8080 (http)
2024-01-01 20:52:50,038 INFO org.apache.juli.logging.DirectJDKLog [restartedMain] Starting service [Tomcat]
2024-01-01 20:52:50,039 INFO org.apache.juli.logging.DirectJDKLog [restartedMain] Starting Servlet engine: [Apache Tomcat/9.0.41]
2024-01-01 20:52:50,135 INFO org.apache.juli.logging.DirectJDKLog [restartedMain] Initializing Spring embedded WebApplicationContext
2024-01-01 20:52:50,135 INFO org.springframework.boot.web.servlet.context.ServletWebServerApplicationContext [restartedMain] Root WebApplicationContext: initialization completed in 1918 ms
2024-01-01 20:52:50,212 WARN org.apache.juli.logging.DirectJDKLog [restartedMain] Cannot deserialize session attribute [SPRING_SECURITY_CONTEXT] for session [39844D38FA766E277A2BD03CEAD1EE6D]
2024-01-01 20:52:50,353 INFO com.zaxxer.hikari.HikariDataSource [restartedMain] HikariPool-1 - Starting...
2024-01-01 20:52:50,557 INFO com.zaxxer.hikari.HikariDataSource [restartedMain] HikariPool-1 - Start completed.
2024-01-01 20:52:50,616 INFO org.hibernate.jpa.internal.util.LogHelper [restartedMain] HHH000204: Processing PersistenceUnitInfo [name: default]
2024-01-01 20:52:50,672 INFO org.hibernate.Version [restartedMain] HHH000412: Hibernate ORM core version 5.4.27.Final
2024-01-01 20:52:50,828 INFO org.hibernate.annotations.common.reflection.java.JavaReflectionManager [restartedMain] HCANN000001: Hibernate Commons Annotations {5.1.2.Final}
2024-01-01 20:52:50,950 INFO org.hibernate.dialect.Dialect [restartedMain] HHH000400: Using dialect: org.hibernate.dialect.PostgreSQLDialect
2024-01-01 20:52:51,857 INFO org.hibernate.engine.transaction.jta.platform.internal.JtaPlatformInitiator [restartedMain] HHH000490: Using JtaPlatform implementation: [org.hibernate.engine.transaction.jta.platform.internal.NoJtaPlatform]
2024-01-01 20:52:51,865 INFO org.springframework.orm.jpa.AbstractEntityManagerFactoryBean [restartedMain] Initialized JPA EntityManagerFactory for persistence unit 'default'
2024-01-01 20:52:52,324 WARN org.springframework.boot.autoconfigure.orm.jpa.JpaBaseConfiguration$JpaWebConfiguration [restartedMain] spring.jpa.open-in-view is enabled by default. Therefore, database queries may be performed during view rendering. Explicitly configure spring.jpa.open-in-view to disable this warning
2024-01-01 20:52:52,979 INFO org.springframework.security.web.DefaultSecurityFilterChain [restartedMain] Will secure any request with [org.springframework.security.web.context.request.async.WebAsyncManagerIntegrationFilter@65c30a1f, org.springframework.security.web.context.SecurityContextPersistenceFilter@4470d53e, org.springframework.security.web.header.HeaderWriterFilter@2bcb652, org.springframework.security.web.csrf.CsrfFilter@61285466, org.springframework.security.web.authentication.logout.LogoutFilter@6529c25, org.springframework.security.web.authentication.UsernamePasswordAuthenticationFilter@46ab9974, org.springframework.security.web.savedrequest.RequestCacheAwareFilter@350fc4b2, org.springframework.security.web.servletapi.SecurityContextHolderAwareRequestFilter@26c668b9, org.springframework.security.web.authentication.AnonymousAuthenticationFilter@43dca0fa, org.springframework.security.web.session.SessionManagementFilter@2140b39f, org.springframework.security.web.access.ExceptionTranslationFilter@2529d421, org.springframework.security.web.access.intercept.FilterSecurityInterceptor@552bd134]
2024-01-01 20:52:53,051 INFO org.springframework.scheduling.concurrent.ExecutorConfigurationSupport [restartedMain] Initializing ExecutorService 'applicationTaskExecutor'
2024-01-01 20:52:53,078 INFO org.springframework.boot.devtools.autoconfigure.OptionalLiveReloadServer [restartedMain] LiveReload server is running on port 35729
2024-01-01 20:52:53,317 INFO org.springframework.boot.web.embedded.tomcat.TomcatWebServer [restartedMain] Tomcat started on port(s): 8080 (http) with context path ''
2024-01-01 20:52:53,737 INFO org.springframework.boot.StartupInfoLogger [restartedMain] Started RestaurantApplication in 6.096 seconds (JVM running for 7.067)
2024-01-01 20:53:22,375 INFO org.apache.juli.logging.DirectJDKLog [http-nio-8080-exec-1] Initializing Spring DispatcherServlet 'dispatcherServlet'
2024-01-01 20:53:22,375 INFO org.springframework.web.servlet.FrameworkServlet [http-nio-8080-exec-1] Initializing Servlet 'dispatcherServlet'
2024-01-01 20:53:22,377 INFO org.springframework.web.servlet.FrameworkServlet [http-nio-8080-exec-1] Completed initialization in 2 ms
2024-01-01 20:53:23,026 INFO ua.restaurant.controller.MainController [http-nio-8080-exec-6] Get page of dishes #1
2024-01-01 20:53:47,843 INFO ua.restaurant.controller.SignUpController [http-nio-8080-exec-4] create.user.logLoginDTO(login=Ronin132, email=mrkonrad300@gmail.com, password=2137)
2024-01-01 20:53:58,092 INFO ua.restaurant.security.UserDetailsServiceImpl [http-nio-8080-exec-1] Ronin132
2024-01-01 20:53:58,311 INFO ua.restaurant.controller.MainController [http-nio-8080-exec-10] Get page of dishes #1
2024-01-01 20:54:04,908 INFO ua.restaurant.controller.BasketController [http-nio-8080-exec-6] Add new dish to the basket, dish id:1
2024-01-01 20:54:06,016 INFO ua.restaurant.controller.MainController [http-nio-8080-exec-8] Get page of dishes #6
2024-01-01 20:54:09,339 INFO ua.restaurant.controller.MainController [http-nio-8080-exec-1] Get page of dishes #4
2024-01-01 20:54:11,273 INFO ua.restaurant.controller.MainController [http-nio-8080-exec-10] Get page of dishes #3
2024-01-01 20:54:11,991 INFO ua.restaurant.controller.MainController [http-nio-8080-exec-2] Get page of dishes #2
2024-01-01 20:54:14,042 INFO ua.restaurant.controller.BasketController [http-nio-8080-exec-7] Add new dish to the basket, dish id:8
2024-01-01 20:54:16,195 INFO ua.restaurant.controller.BasketController [http-nio-8080-exec-9] Get basket list for user:Ronin132
2024-01-01 20:56:55,266 INFO ua.restaurant.controller.MainController [http-nio-8080-exec-1] Get page of dishes #1
2024-01-01 20:56:57,303 INFO ua.restaurant.controller.MainController [http-nio-8080-exec-10] Get page of dishes #2
2024-01-01 20:56:58,244 INFO ua.restaurant.controller.BasketController [http-nio-8080-exec-4] Add new dish to the basket, dish id:8
2024-01-01 20:56:59,262 INFO ua.restaurant.controller.BasketController [http-nio-8080-exec-7] Get basket list for user:Ronin132
2024-01-01 20:57:23,147 INFO ua.restaurant.controller.OrdersController [http-nio-8080-exec-8] Creating new order got user:Ronin132
2024-01-01 20:57:23,158 INFO ua.restaurant.service.OrdersService [http-nio-8080-exec-8] Clear all user basket, user id:
2024-01-01 20:57:23,314 INFO ua.restaurant.controller.OrdersController [http-nio-8080-exec-1] Get all orders for user:Ronin132
2024-01-01 20:59:01,699 INFO org.springframework.scheduling.concurrent.ExecutorConfigurationSupport [SpringContextShutdownHook] Shutting down ExecutorService 'applicationTaskExecutor'
2024-01-01 20:59:01,706 INFO org.springframework.orm.jpa.AbstractEntityManagerFactoryBean [SpringContextShutdownHook] Closing JPA EntityManagerFactory for persistence unit 'default'
2024-01-01 20:59:01,710 INFO com.zaxxer.hikari.HikariDataSource [SpringContextShutdownHook] HikariPool-1 - Shutdown initiated...
2024-01-01 20:59:01,712 INFO com.zaxxer.hikari.HikariDataSource [SpringContextShutdownHook] HikariPool-1 - Shutdown completed.
